<?xml version="1.0" encoding="UTF-8"?>
<!-- Generated by org.testng.reporters.JUnitXMLReporter -->
<testsuite hostname="JayU31" name="Test" tests="5" failures="0" timestamp="10 May 2018 17:20:30 GMT" time="221.578" errors="0">
  <testcase name="basePageNavigation" time="0.007" classname="amazon.Navigation"/>
  <testcase name="basePageNavigation" time="28.408" classname="amazon.SearchValidate"/>
  <testcase name="basePageNavigation" time="36.398" classname="amazon.HomePage"/>
  <testcase name="basePageNavigation" time="15.203" classname="amazon.HomePage"/>
  <testcase name="basePageNavigation" time="0.0" classname="amazon.ValidateTitle"/>
</testsuite> <!-- Test -->
